[0.012s] Invoking command in '/home/dl/ros2_ws/build/my_package': /usr/bin/cmake --build /home/dl/ros2_ws/build/my_package -- -j16 -l16
[0.028s] -- Found ament_cmake: 1.3.4 (/opt/ros/humble/share/ament_cmake/cmake)
[0.132s] Traceback (most recent call last):
[0.132s]   File "/opt/ros/humble/share/ament_cmake_core/cmake/package_templates/templates_2_cmake.py", line 21, in <module>
[0.132s]     from ament_package.templates import get_environment_hook_template_path
[0.132s] ModuleNotFoundError: No module named 'ament_package'
[0.139s] [31mCMake Error at /opt/ros/humble/share/ament_cmake_core/cmake/ament_cmake_package_templates-extras.cmake:41 (message):
[0.139s]   execute_process(/usr/bin/python3.10
[0.140s]   /opt/ros/humble/share/ament_cmake_core/cmake/package_templates/templates_2_cmake.py
[0.140s]   /home/dl/ros2_ws/build/my_package/ament_cmake_package_templates/templates.cmake)
[0.140s]   returned error code 1
[0.140s] Call Stack (most recent call first):
[0.140s]   /opt/ros/humble/share/ament_cmake_core/cmake/ament_cmake_coreConfig.cmake:41 (include)
[0.140s]   /opt/ros/humble/share/ament_cmake/cmake/ament_cmake_export_dependencies-extras.cmake:15 (find_package)
[0.140s]   /opt/ros/humble/share/ament_cmake/cmake/ament_cmakeConfig.cmake:41 (include)
[0.140s]   CMakeLists.txt:9 (find_package)
[0.140s] 
[0.140s] [0m
[0.140s] -- Configuring incomplete, errors occurred!
[0.140s] See also "/home/dl/ros2_ws/build/my_package/CMakeFiles/CMakeOutput.log".
[0.141s] gmake: *** [Makefile:267ï¼šcmake_check_build_system] é”™è¯¯ 1
[0.143s] Invoked command in '/home/dl/ros2_ws/build/my_package' returned '2': /usr/bin/cmake --build /home/dl/ros2_ws/build/my_package -- -j16 -l16
