[0.008s] Invoking command in '/home/dl/ros2_ws/build/my_package': /usr/bin/cmake --build /home/dl/ros2_ws/build/my_package -- -j16 -l16
[0.022s] -- Found ament_cmake: 1.3.4 (/opt/ros/humble/share/ament_cmake/cmake)
[0.118s] Traceback (most recent call last):
[0.118s]   File "/opt/ros/humble/share/ament_cmake_core/cmake/package_templates/templates_2_cmake.py", line 21, in <module>
[0.118s]     from ament_package.templates import get_environment_hook_template_path
[0.118s] ModuleNotFoundError: No module named 'ament_package'
[0.125s] [31mCMake Error at /opt/ros/humble/share/ament_cmake_core/cmake/ament_cmake_package_templates-extras.cmake:41 (message):
[0.125s]   execute_process(/usr/bin/python3.10
[0.125s]   /opt/ros/humble/share/ament_cmake_core/cmake/package_templates/templates_2_cmake.py
[0.126s]   /home/dl/ros2_ws/build/my_package/ament_cmake_package_templates/templates.cmake)
[0.126s]   returned error code 1
[0.126s] Call Stack (most recent call first):
[0.126s]   /opt/ros/humble/share/ament_cmake_core/cmake/ament_cmake_coreConfig.cmake:41 (include)
[0.126s]   /opt/ros/humble/share/ament_cmake/cmake/ament_cmake_export_dependencies-extras.cmake:15 (find_package)
[0.126s]   /opt/ros/humble/share/ament_cmake/cmake/ament_cmakeConfig.cmake:41 (include)
[0.126s]   CMakeLists.txt:9 (find_package)
[0.126s] 
[0.126s] [0m
[0.126s] -- Configuring incomplete, errors occurred!
[0.126s] See also "/home/dl/ros2_ws/build/my_package/CMakeFiles/CMakeOutput.log".
[0.127s] gmake: *** [Makefile:267ï¼šcmake_check_build_system] é”™è¯¯ 1
[0.129s] Invoked command in '/home/dl/ros2_ws/build/my_package' returned '2': /usr/bin/cmake --build /home/dl/ros2_ws/build/my_package -- -j16 -l16
