[0.012s] Invoking command in '/home/dl/ros2_ws/build/cpp_pubsub': /usr/bin/cmake --build /home/dl/ros2_ws/build/cpp_pubsub -- -j16 -l16
[0.033s] -- Found ament_cmake: 1.3.4 (/opt/ros/humble/share/ament_cmake/cmake)
[0.138s] Traceback (most recent call last):
[0.138s]   File "/opt/ros/humble/share/ament_cmake_core/cmake/package_templates/templates_2_cmake.py", line 21, in <module>
[0.138s]     from ament_package.templates import get_environment_hook_template_path
[0.138s] ModuleNotFoundError: No module named 'ament_package'
[0.148s] [31mCMake Error at /opt/ros/humble/share/ament_cmake_core/cmake/ament_cmake_package_templates-extras.cmake:41 (message):
[0.148s]   execute_process(/usr/bin/python3.10
[0.148s]   /opt/ros/humble/share/ament_cmake_core/cmake/package_templates/templates_2_cmake.py
[0.148s]   /home/dl/ros2_ws/build/cpp_pubsub/ament_cmake_package_templates/templates.cmake)
[0.148s]   returned error code 1
[0.148s] Call Stack (most recent call first):
[0.148s]   /opt/ros/humble/share/ament_cmake_core/cmake/ament_cmake_coreConfig.cmake:41 (include)
[0.149s]   /opt/ros/humble/share/ament_cmake/cmake/ament_cmake_export_dependencies-extras.cmake:15 (find_package)
[0.149s]   /opt/ros/humble/share/ament_cmake/cmake/ament_cmakeConfig.cmake:41 (include)
[0.149s]   CMakeLists.txt:13 (find_package)
[0.149s] 
[0.149s] [0m
[0.149s] -- Configuring incomplete, errors occurred!
[0.149s] See also "/home/dl/ros2_ws/build/cpp_pubsub/CMakeFiles/CMakeOutput.log".
[0.150s] gmake: *** [Makefile:308ï¼šcmake_check_build_system] é”™è¯¯ 1
[0.152s] Invoked command in '/home/dl/ros2_ws/build/cpp_pubsub' returned '2': /usr/bin/cmake --build /home/dl/ros2_ws/build/cpp_pubsub -- -j16 -l16
